# JRE version: Java(TM) SE Runtime Environment (17.0.12+8) (build 17.0.12+8-LTS-286)
# Java VM: Java HotSpot(TM) 64-Bit Server VM (17.0.12+8-LTS-286, mixed mode, sharing, tiered, compressed oops, compressed class ptrs, g1 gc, windows-amd64)
GC Precious Log:
 CPUs: 12 total, 12 available
 Memory: 7501M
 Large Page Support: Disabled
 NUMA Support: Disabled
 Compressed Oops: Enabled (Zero based)
 Heap Region Size: 2M
 Heap Min Capacity: 8M
 Heap Initial Capacity: 118M
 Heap Max Capacity: 4G
 Pre-touch: Disabled
 Parallel Workers: 10
 Concurrent Workers: 3
 Concurrent Refinement Workers: 10
 Periodic GC: Disabled
Heap:
 garbage-first heap   total 307200K, used 209763K [0x0000000700000000, 0x0000000800000000)
  region size 2048K, 5 young (10240K), 4 survivors (8192K)
 Metaspace       used 111649K, committed 113088K, reserved 983040K
  class space    used 15602K, committed 16256K, reserved 851968K
GC Heap History (20 events):
Event: 35.033 GC heap before
{Heap before GC invocations=51 (full 0):
 garbage-first heap   total 307200K, used 244570K [0x0000000700000000, 0x0000000800000000)
  region size 2048K, 63 young (129024K), 4 survivors (8192K)
 Metaspace       used 101106K, committed 102080K, reserved 983040K
  class space    used 14209K, committed 14656K, reserved 851968K
}
Event: 35.041 GC heap after
{Heap after GC invocations=52 (full 0):
 garbage-first heap   total 307200K, used 127707K [0x0000000700000000, 0x0000000800000000)
  region size 2048K, 6 young (12288K), 6 survivors (12288K)
 Metaspace       used 101106K, committed 102080K, reserved 983040K
  class space    used 14209K, committed 14656K, reserved 851968K
}
Event: 37.870 GC heap before
{Heap before GC invocations=52 (full 0):
 garbage-first heap   total 307200K, used 248539K [0x0000000700000000, 0x0000000800000000)
  region size 2048K, 65 young (133120K), 6 survivors (12288K)
 Metaspace       used 106345K, committed 107456K, reserved 983040K
  class space    used 14891K, committed 15360K, reserved 851968K
}
Event: 37.885 GC heap after
{Heap after GC invocations=53 (full 0):
 garbage-first heap   total 307200K, used 137508K [0x0000000700000000, 0x0000000800000000)
  region size 2048K, 8 young (16384K), 8 survivors (16384K)
 Metaspace       used 106345K, committed 107456K, reserved 983040K
  class space    used 14891K, committed 15360K, reserved 851968K
}
Event: 39.622 GC heap before
{Heap before GC invocations=53 (full 0):
 garbage-first heap   total 307200K, used 246052K [0x0000000700000000, 0x0000000800000000)
  region size 2048K, 62 young (126976K), 8 survivors (16384K)
 Metaspace       used 107440K, committed 108544K, reserved 983040K
  class space    used 15072K, committed 15552K, reserved 851968K
}
Event: 39.635 GC heap after
{Heap after GC invocations=54 (full 0):
 garbage-first heap   total 307200K, used 145499K [0x0000000700000000, 0x0000000800000000)
  region size 2048K, 5 young (10240K), 5 survivors (10240K)
 Metaspace       used 107440K, committed 108544K, reserved 983040K
  class space    used 15072K, committed 15552K, reserved 851968K
}
Event: 41.089 GC heap before
{Heap before GC invocations=54 (full 0):
 garbage-first heap   total 307200K, used 249947K [0x0000000700000000, 0x0000000800000000)
  region size 2048K, 56 young (114688K), 5 survivors (10240K)
 Metaspace       used 107964K, committed 109120K, reserved 983040K
  class space    used 15138K, committed 15680K, reserved 851968K
}
Event: 41.100 GC heap after
{Heap after GC invocations=55 (full 0):
 garbage-first heap   total 307200K, used 159787K [0x0000000700000000, 0x0000000800000000)
  region size 2048K, 7 young (14336K), 7 survivors (14336K)
 Metaspace       used 107964K, committed 109120K, reserved 983040K
  class space    used 15138K, committed 15680K, reserved 851968K
}
Event: 42.349 GC heap before
{Heap before GC invocations=55 (full 0):
 garbage-first heap   total 307200K, used 245803K [0x0000000700000000, 0x0000000800000000)
  region size 2048K, 50 young (102400K), 7 survivors (14336K)
 Metaspace       used 108857K, committed 110208K, reserved 983040K
  class space    used 15276K, committed 15936K, reserved 851968K
}
Event: 42.360 GC heap after
{Heap after GC invocations=56 (full 0):
 garbage-first heap   total 307200K, used 164899K [0x0000000700000000, 0x0000000800000000)
  region size 2048K, 4 young (8192K), 4 survivors (8192K)
 Metaspace       used 108857K, committed 110208K, reserved 983040K
  class space    used 15276K, committed 15936K, reserved 851968K
}
Event: 43.802 GC heap before
{Heap before GC invocations=56 (full 0):
 garbage-first heap   total 307200K, used 248867K [0x0000000700000000, 0x0000000800000000)
  region size 2048K, 45 young (92160K), 4 survivors (8192K)
 Metaspace       used 109446K, committed 110784K, reserved 983040K
  class space    used 15351K, committed 16000K, reserved 851968K
}
Event: 43.813 GC heap after
{Heap after GC invocations=57 (full 0):
 garbage-first heap   total 307200K, used 172539K [0x0000000700000000, 0x0000000800000000)
  region size 2048K, 5 young (10240K), 5 survivors (10240K)
 Metaspace       used 109446K, committed 110784K, reserved 983040K
  class space    used 15351K, committed 16000K, reserved 851968K
}
Event: 44.180 GC heap before
{Heap before GC invocations=57 (full 0):
 garbage-first heap   total 307200K, used 246267K [0x0000000700000000, 0x0000000800000000)
  region size 2048K, 42 young (86016K), 5 survivors (10240K)
 Metaspace       used 109447K, committed 110784K, reserved 983040K
  class space    used 15352K, committed 16000K, reserved 851968K
}
Event: 44.188 GC heap after
{Heap after GC invocations=58 (full 0):
 garbage-first heap   total 307200K, used 174557K [0x0000000700000000, 0x0000000800000000)
  region size 2048K, 2 young (4096K), 2 survivors (4096K)
 Metaspace       used 109447K, committed 110784K, reserved 983040K
  class space    used 15352K, committed 16000K, reserved 851968K
}
Event: 45.545 GC heap before
{Heap before GC invocations=58 (full 0):
 garbage-first heap   total 307200K, used 250333K [0x0000000700000000, 0x0000000800000000)
  region size 2048K, 40 young (81920K), 2 survivors (4096K)
 Metaspace       used 110940K, committed 112320K, reserved 983040K
  class space    used 15494K, committed 16128K, reserved 851968K
}
Event: 45.554 GC heap after
{Heap after GC invocations=59 (full 0):
 garbage-first heap   total 307200K, used 185068K [0x0000000700000000, 0x0000000800000000)
  region size 2048K, 5 young (10240K), 5 survivors (10240K)
 Metaspace       used 110940K, committed 112320K, reserved 983040K
  class space    used 15494K, committed 16128K, reserved 851968K
}
Event: 45.887 GC heap before
{Heap before GC invocations=59 (full 0):
 garbage-first heap   total 307200K, used 246508K [0x0000000700000000, 0x0000000800000000)
  region size 2048K, 36 young (73728K), 5 survivors (10240K)
 Metaspace       used 110940K, committed 112320K, reserved 983040K
  class space    used 15494K, committed 16128K, reserved 851968K
}
Event: 45.896 GC heap after
{Heap after GC invocations=60 (full 0):
 garbage-first heap   total 307200K, used 187736K [0x0000000700000000, 0x0000000800000000)
  region size 2048K, 3 young (6144K), 3 survivors (6144K)
 Metaspace       used 110940K, committed 112320K, reserved 983040K
  class space    used 15494K, committed 16128K, reserved 851968K
}
Event: 46.746 GC heap before
{Heap before GC invocations=60 (full 0):
 garbage-first heap   total 307200K, used 253272K [0x0000000700000000, 0x0000000800000000)
  region size 2048K, 34 young (69632K), 3 survivors (6144K)
 Metaspace       used 111184K, committed 112576K, reserved 983040K
  class space    used 15532K, committed 16192K, reserved 851968K
}
Event: 46.753 GC heap after
{Heap after GC invocations=61 (full 0):
 garbage-first heap   total 307200K, used 197715K [0x0000000700000000, 0x0000000800000000)
  region size 2048K, 5 young (10240K), 5 survivors (10240K)
 Metaspace       used 111184K, committed 112576K, reserved 983040K
  class space    used 15532K, committed 16192K, reserved 851968K
}

